<?xml version="1.0" encoding="UTF-8"?>
<robot generator="Robot 6.1.1 (Python 3.10.12 on linux)" generated="20240523 22:53:23.683" rpa="false" schemaversion="4">
<suite id="s1" name="Tests" source="/home/lassie/MyTemp/python/TJTA-miniprojekti/src/components/tests/tests.robot">
<test id="s1-t1" name="Viitteisiin liittyvä toiminnallisuus" line="6">
<kw name="Run Process" library="Process">
<arg>python</arg>
<arg>.ref_test.py</arg>
<doc>Runs a process and waits for it to complete.</doc>
<msg timestamp="20240523 22:53:23.714" level="INFO">Starting process:
python .ref_test.py</msg>
<msg timestamp="20240523 22:53:23.718" level="INFO">Waiting for process to complete.</msg>
<msg timestamp="20240523 22:53:23.745" level="INFO">Process completed.</msg>
<status status="PASS" starttime="20240523 22:53:23.714" endtime="20240523 22:53:23.745"/>
</kw>
<status status="PASS" starttime="20240523 22:53:23.713" endtime="20240523 22:53:23.746"/>
</test>
<test id="s1-t2" name="Power user toiminnallisuus" line="9">
<kw name="Run Process" library="Process">
<arg>python</arg>
<arg>.poweruserUI_test.py</arg>
<doc>Runs a process and waits for it to complete.</doc>
<msg timestamp="20240523 22:53:23.747" level="INFO">Starting process:
python .poweruserUI_test.py</msg>
<msg timestamp="20240523 22:53:23.751" level="INFO">Waiting for process to complete.</msg>
<msg timestamp="20240523 22:53:23.778" level="INFO">Process completed.</msg>
<status status="PASS" starttime="20240523 22:53:23.747" endtime="20240523 22:53:23.778"/>
</kw>
<status status="PASS" starttime="20240523 22:53:23.746" endtime="20240523 22:53:23.779"/>
</test>
<test id="s1-t3" name="Käyttöliittymän toiminnallisuus" line="12">
<kw name="Run Process" library="Process">
<arg>python</arg>
<arg>.cli_test.py</arg>
<doc>Runs a process and waits for it to complete.</doc>
<msg timestamp="20240523 22:53:23.780" level="INFO">Starting process:
python .cli_test.py</msg>
<msg timestamp="20240523 22:53:23.784" level="INFO">Waiting for process to complete.</msg>
<msg timestamp="20240523 22:53:23.814" level="INFO">Process completed.</msg>
<status status="PASS" starttime="20240523 22:53:23.780" endtime="20240523 22:53:23.814"/>
</kw>
<status status="PASS" starttime="20240523 22:53:23.779" endtime="20240523 22:53:23.815"/>
</test>
<doc>Robottitesti ajaa pythonilla luodut testicaset</doc>
<status status="PASS" starttime="20240523 22:53:23.685" endtime="20240523 22:53:23.816"/>
</suite>
<statistics>
<total>
<stat pass="3" fail="0" skip="0">All Tests</stat>
</total>
<tag>
</tag>
<suite>
<stat pass="3" fail="0" skip="0" id="s1" name="Tests">Tests</stat>
</suite>
</statistics>
<errors>
</errors>
</robot>
