<?xml version="1.0" encoding="UTF-8"?>
<robot generator="Robot 6.1.1 (Python 3.10.12 on linux)" generated="20240523 21:22:26.132" rpa="false" schemaversion="4">
<suite id="s1" name="Author Tests" source="/home/lassie/MyTemp/python/TJTA-miniprojekti/src/components/tests/author_tests.robot">
<test id="s1-t1" name="Testaa author-olion luonti" line="8">
<kw name="Evaluate" library="BuiltIn">
<var>${testauthor}</var>
<arg>author.Author("Testi Hahmo")</arg>
<doc>Evaluates the given expression in Python and returns the result.</doc>
<msg timestamp="20240523 21:22:26.161" level="INFO">${testauthor} = Testi Hahmo</msg>
<status status="PASS" starttime="20240523 21:22:26.161" endtime="20240523 21:22:26.163"/>
</kw>
<kw name="Should Be Equal As Strings" library="BuiltIn">
<arg>${testauthor}</arg>
<arg>Testi Hahmo</arg>
<doc>Fails if objects are unequal after converting them to strings.</doc>
<msg timestamp="20240523 21:22:26.165" level="INFO">Argument types are:
&lt;class 'author.Author'&gt;
&lt;class 'str'&gt;</msg>
<status status="PASS" starttime="20240523 21:22:26.164" endtime="20240523 21:22:26.165"/>
</kw>
<status status="PASS" starttime="20240523 21:22:26.160" endtime="20240523 21:22:26.166"/>
</test>
<test id="s1-t2" name="Testaa merkkijonoksi muuttaminen" line="12">
<kw name="Evaluate" library="BuiltIn">
<var>${testauthor}</var>
<arg>author.Author("Testi Henkilö")</arg>
<doc>Evaluates the given expression in Python and returns the result.</doc>
<msg timestamp="20240523 21:22:26.169" level="INFO">${testauthor} = Testi Henkilö</msg>
<status status="PASS" starttime="20240523 21:22:26.168" endtime="20240523 21:22:26.169"/>
</kw>
<kw name="Call Method" library="BuiltIn">
<var>${str}</var>
<arg>${testauthor}</arg>
<arg>__str__</arg>
<doc>Calls the named method of the given object with the provided arguments.</doc>
<msg timestamp="20240523 21:22:26.170" level="INFO">${str} = Testi Henkilö</msg>
<status status="PASS" starttime="20240523 21:22:26.170" endtime="20240523 21:22:26.171"/>
</kw>
<kw name="Should Be Equal As Strings" library="BuiltIn">
<arg>${str}</arg>
<arg>Testi Henkilö</arg>
<doc>Fails if objects are unequal after converting them to strings.</doc>
<status status="PASS" starttime="20240523 21:22:26.171" endtime="20240523 21:22:26.172"/>
</kw>
<status status="PASS" starttime="20240523 21:22:26.167" endtime="20240523 21:22:26.173"/>
</test>
<test id="s1-t3" name="Testaa apa-muotoinen merkkijono" line="17">
<kw name="Evaluate" library="BuiltIn">
<var>${testauthor}</var>
<arg>author.Author("Testi", "Tutkija")</arg>
<doc>Evaluates the given expression in Python and returns the result.</doc>
<msg timestamp="20240523 21:22:26.176" level="INFO">${testauthor} = Testi Tutkija</msg>
<status status="PASS" starttime="20240523 21:22:26.175" endtime="20240523 21:22:26.176"/>
</kw>
<kw name="Call Method" library="BuiltIn">
<var>${str}</var>
<arg>${testauthor}</arg>
<arg>apastr</arg>
<doc>Calls the named method of the given object with the provided arguments.</doc>
<msg timestamp="20240523 21:22:26.178" level="INFO">${str} = Testi, T.</msg>
<status status="PASS" starttime="20240523 21:22:26.177" endtime="20240523 21:22:26.178"/>
</kw>
<kw name="Should Be Equal As Strings" library="BuiltIn">
<arg>${str}</arg>
<arg>Testi, T.</arg>
<doc>Fails if objects are unequal after converting them to strings.</doc>
<status status="PASS" starttime="20240523 21:22:26.179" endtime="20240523 21:22:26.180"/>
</kw>
<kw name="Evaluate" library="BuiltIn">
<var>${testiauthor}</var>
<arg>author.Author("Sukunimi")</arg>
<doc>Evaluates the given expression in Python and returns the result.</doc>
<msg timestamp="20240523 21:22:26.181" level="INFO">${testiauthor} = Sukunimi</msg>
<status status="PASS" starttime="20240523 21:22:26.181" endtime="20240523 21:22:26.182"/>
</kw>
<kw name="Call Method" library="BuiltIn">
<var>${string}</var>
<arg>${testiauthor}</arg>
<arg>apastr</arg>
<doc>Calls the named method of the given object with the provided arguments.</doc>
<msg timestamp="20240523 21:22:26.183" level="INFO">${string} = Sukunimi</msg>
<status status="PASS" starttime="20240523 21:22:26.182" endtime="20240523 21:22:26.183"/>
</kw>
<kw name="Should Be Equal As Strings" library="BuiltIn">
<arg>${string}</arg>
<arg>Sukunimi</arg>
<doc>Fails if objects are unequal after converting them to strings.</doc>
<status status="PASS" starttime="20240523 21:22:26.183" endtime="20240523 21:22:26.184"/>
</kw>
<status status="PASS" starttime="20240523 21:22:26.174" endtime="20240523 21:22:26.185"/>
</test>
<test id="s1-t4" name="Testaa bibtex-muotoinen merkkijono" line="26">
<kw name="Evaluate" library="BuiltIn">
<var>${testauthor}</var>
<arg>author.Author("Testaaja", "Yksi")</arg>
<doc>Evaluates the given expression in Python and returns the result.</doc>
<msg timestamp="20240523 21:22:26.188" level="INFO">${testauthor} = Testaaja Yksi</msg>
<status status="PASS" starttime="20240523 21:22:26.187" endtime="20240523 21:22:26.188"/>
</kw>
<kw name="Call Method" library="BuiltIn">
<var>${str}</var>
<arg>${testauthor}</arg>
<arg>bibtexstr</arg>
<doc>Calls the named method of the given object with the provided arguments.</doc>
<msg timestamp="20240523 21:22:26.190" level="INFO">${str} = Testaaja, Yksi</msg>
<status status="PASS" starttime="20240523 21:22:26.189" endtime="20240523 21:22:26.190"/>
</kw>
<kw name="Should Be Equal As Strings" library="BuiltIn">
<arg>${str}</arg>
<arg>Testaaja, Yksi</arg>
<doc>Fails if objects are unequal after converting them to strings.</doc>
<status status="PASS" starttime="20240523 21:22:26.190" endtime="20240523 21:22:26.191"/>
</kw>
<kw name="Evaluate" library="BuiltIn">
<var>${testauthor}</var>
<arg>author.Author("Testaaja")</arg>
<doc>Evaluates the given expression in Python and returns the result.</doc>
<msg timestamp="20240523 21:22:26.193" level="INFO">${testauthor} = Testaaja</msg>
<status status="PASS" starttime="20240523 21:22:26.192" endtime="20240523 21:22:26.194"/>
</kw>
<kw name="Call Method" library="BuiltIn">
<var>${str}</var>
<arg>${testauthor}</arg>
<arg>bibtexstr</arg>
<doc>Calls the named method of the given object with the provided arguments.</doc>
<msg timestamp="20240523 21:22:26.195" level="INFO">${str} = Testaaja</msg>
<status status="PASS" starttime="20240523 21:22:26.194" endtime="20240523 21:22:26.196"/>
</kw>
<kw name="Should Be Equal As Strings" library="BuiltIn">
<arg>${str}</arg>
<arg>Testaaja</arg>
<doc>Fails if objects are unequal after converting them to strings.</doc>
<status status="PASS" starttime="20240523 21:22:26.196" endtime="20240523 21:22:26.197"/>
</kw>
<status status="PASS" starttime="20240523 21:22:26.186" endtime="20240523 21:22:26.198"/>
</test>
<doc>Testitapaukset author-luokalle</doc>
<status status="PASS" starttime="20240523 21:22:26.137" endtime="20240523 21:22:26.203"/>
</suite>
<statistics>
<total>
<stat pass="4" fail="0" skip="0">All Tests</stat>
</total>
<tag>
</tag>
<suite>
<stat pass="4" fail="0" skip="0" id="s1" name="Author Tests">Author Tests</stat>
</suite>
</statistics>
<errors>
<msg timestamp="20240523 21:22:26.159" level="WARN">Imported library '/home/lassie/MyTemp/python/TJTA-miniprojekti/src/components/author.py' contains no keywords.</msg>
</errors>
</robot>
