<?xml version="1.0" encoding="UTF-8"?>
<robot generator="Robot 6.1.1 (Python 3.10.12 on linux)" generated="20240506 21:14:12.515" rpa="false" schemaversion="4">
<suite id="s1" name="Ref Tests" source="/home/lassie/MyTemp/python/TJTA-miniprojekti/src/components/tests/ref_tests.robot">
<test id="s1-t1" name="Testaa ref luokka oikealla datalla" line="10">
<kw name="Create List" library="BuiltIn">
<var>${author}</var>
<arg>John Smith</arg>
<arg>Jane Doe</arg>
<doc>Returns a list containing given items.</doc>
<msg timestamp="20240506 21:14:12.552" level="INFO">${author} = ['John Smith', 'Jane Doe']</msg>
<status status="PASS" starttime="20240506 21:14:12.552" endtime="20240506 21:14:12.552"/>
</kw>
<kw name="Set Variable" library="BuiltIn">
<var>${title}</var>
<arg>Test title: a case study</arg>
<doc>Returns the given values which can then be assigned to a variables.</doc>
<msg timestamp="20240506 21:14:12.552" level="INFO">${title} = Test title: a case study</msg>
<status status="PASS" starttime="20240506 21:14:12.552" endtime="20240506 21:14:12.552"/>
</kw>
<kw name="Set Variable" library="BuiltIn">
<var>${journal}</var>
<arg>Journal on testing</arg>
<doc>Returns the given values which can then be assigned to a variables.</doc>
<msg timestamp="20240506 21:14:12.553" level="INFO">${journal} = Journal on testing</msg>
<status status="PASS" starttime="20240506 21:14:12.553" endtime="20240506 21:14:12.553"/>
</kw>
<kw name="Set Variable" library="BuiltIn">
<var>${year}</var>
<arg>2024</arg>
<doc>Returns the given values which can then be assigned to a variables.</doc>
<msg timestamp="20240506 21:14:12.553" level="INFO">${year} = 2024</msg>
<status status="PASS" starttime="20240506 21:14:12.553" endtime="20240506 21:14:12.553"/>
</kw>
<kw name="Set Variable" library="BuiltIn">
<var>${volume}</var>
<arg>2</arg>
<doc>Returns the given values which can then be assigned to a variables.</doc>
<msg timestamp="20240506 21:14:12.554" level="INFO">${volume} = 2</msg>
<status status="PASS" starttime="20240506 21:14:12.554" endtime="20240506 21:14:12.554"/>
</kw>
<kw name="Set Variable" library="BuiltIn">
<var>${pages}</var>
<arg>1-3</arg>
<doc>Returns the given values which can then be assigned to a variables.</doc>
<msg timestamp="20240506 21:14:12.554" level="INFO">${pages} = 1-3</msg>
<status status="PASS" starttime="20240506 21:14:12.554" endtime="20240506 21:14:12.554"/>
</kw>
<kw name="Set Variable" library="BuiltIn">
<var>${userkeys}</var>
<arg>testkey1</arg>
<doc>Returns the given values which can then be assigned to a variables.</doc>
<msg timestamp="20240506 21:14:12.554" level="INFO">${userkeys} = testkey1</msg>
<status status="PASS" starttime="20240506 21:14:12.554" endtime="20240506 21:14:12.554"/>
</kw>
<kw name="Evaluate" library="BuiltIn">
<var>${ref}</var>
<arg>ref.Ref($author, $title, $journal, $year, $volume, $pages, $userkeys)</arg>
<doc>Evaluates the given expression in Python and returns the result.</doc>
<msg timestamp="20240506 21:14:12.558" level="INFO">${ref} = John Smith, Jane Doe. Test title: a case study: Journal on testing, 2. 1-3, 2024</msg>
<status status="PASS" starttime="20240506 21:14:12.555" endtime="20240506 21:14:12.558"/>
</kw>
<kw name="Should Be Equal As Strings" library="BuiltIn">
<arg>${ref}</arg>
<arg>John Smith, Jane Doe. Test title: a case study: Journal on testing, 2. 1-3, 2024</arg>
<doc>Fails if objects are unequal after converting them to strings.</doc>
<msg timestamp="20240506 21:14:12.559" level="INFO">Argument types are:
&lt;class 'ref.Ref'&gt;
&lt;class 'str'&gt;</msg>
<status status="PASS" starttime="20240506 21:14:12.558" endtime="20240506 21:14:12.559"/>
</kw>
<doc>Testaa, että ref luokka toimii oikealla datalla</doc>
<tag>init</tag>
<status status="PASS" starttime="20240506 21:14:12.551" endtime="20240506 21:14:12.560"/>
</test>
<test id="s1-t2" name="Testaa ref luokka tyhjillä tekijöillä" line="25">
<kw name="Create List" library="BuiltIn">
<var>${author}</var>
<doc>Returns a list containing given items.</doc>
<msg timestamp="20240506 21:14:12.562" level="INFO">${author} = []</msg>
<status status="PASS" starttime="20240506 21:14:12.561" endtime="20240506 21:14:12.562"/>
</kw>
<kw name="Set Variable" library="BuiltIn">
<var>${title}</var>
<arg>Test title: a case study</arg>
<doc>Returns the given values which can then be assigned to a variables.</doc>
<msg timestamp="20240506 21:14:12.562" level="INFO">${title} = Test title: a case study</msg>
<status status="PASS" starttime="20240506 21:14:12.562" endtime="20240506 21:14:12.562"/>
</kw>
<kw name="Set Variable" library="BuiltIn">
<var>${journal}</var>
<arg>Journal on testing</arg>
<doc>Returns the given values which can then be assigned to a variables.</doc>
<msg timestamp="20240506 21:14:12.562" level="INFO">${journal} = Journal on testing</msg>
<status status="PASS" starttime="20240506 21:14:12.562" endtime="20240506 21:14:12.562"/>
</kw>
<kw name="Set Variable" library="BuiltIn">
<var>${year}</var>
<arg>2024</arg>
<doc>Returns the given values which can then be assigned to a variables.</doc>
<msg timestamp="20240506 21:14:12.563" level="INFO">${year} = 2024</msg>
<status status="PASS" starttime="20240506 21:14:12.563" endtime="20240506 21:14:12.563"/>
</kw>
<kw name="Set Variable" library="BuiltIn">
<var>${volume}</var>
<arg>2</arg>
<doc>Returns the given values which can then be assigned to a variables.</doc>
<msg timestamp="20240506 21:14:12.563" level="INFO">${volume} = 2</msg>
<status status="PASS" starttime="20240506 21:14:12.563" endtime="20240506 21:14:12.563"/>
</kw>
<kw name="Set Variable" library="BuiltIn">
<var>${pages}</var>
<arg>1-3</arg>
<doc>Returns the given values which can then be assigned to a variables.</doc>
<msg timestamp="20240506 21:14:12.564" level="INFO">${pages} = 1-3</msg>
<status status="PASS" starttime="20240506 21:14:12.563" endtime="20240506 21:14:12.564"/>
</kw>
<kw name="Set Variable" library="BuiltIn">
<var>${userkeys}</var>
<arg>testkey1</arg>
<doc>Returns the given values which can then be assigned to a variables.</doc>
<msg timestamp="20240506 21:14:12.564" level="INFO">${userkeys} = testkey1</msg>
<status status="PASS" starttime="20240506 21:14:12.564" endtime="20240506 21:14:12.564"/>
</kw>
<kw name="Evaluate" library="BuiltIn">
<var>${ref}</var>
<arg>ref.Ref($author, $title, $journal, $year, $volume, $pages, $userkeys)</arg>
<doc>Evaluates the given expression in Python and returns the result.</doc>
<msg timestamp="20240506 21:14:12.565" level="INFO">${ref} = Test title: a case study: Journal on testing, 2. 1-3, 2024</msg>
<status status="PASS" starttime="20240506 21:14:12.564" endtime="20240506 21:14:12.565"/>
</kw>
<kw name="Should Be Equal As Strings" library="BuiltIn">
<arg>${ref}</arg>
<arg>None</arg>
<doc>Fails if objects are unequal after converting them to strings.</doc>
<msg timestamp="20240506 21:14:12.565" level="INFO">Argument types are:
&lt;class 'ref.Ref'&gt;
&lt;class 'str'&gt;</msg>
<msg timestamp="20240506 21:14:12.565" level="FAIL">Test title: a case study: Journal on testing, 2. 1-3, 2024 != None</msg>
<status status="FAIL" starttime="20240506 21:14:12.565" endtime="20240506 21:14:12.565"/>
</kw>
<doc>Testaa, että ref luokka ei tallenna, jos syötteessä ei ole kirjoittajaa</doc>
<tag>init</tag>
<status status="FAIL" starttime="20240506 21:14:12.560" endtime="20240506 21:14:12.566">Test title: a case study: Journal on testing, 2. 1-3, 2024 != None</status>
</test>
<test id="s1-t3" name="Testaa Reference-luokka" line="40">
<kw name="Artikkeli datalla">
<var>${ref}</var>
<kw name="Create List" library="BuiltIn">
<var>${author}</var>
<arg>John Smith</arg>
<doc>Returns a list containing given items.</doc>
<msg timestamp="20240506 21:14:12.568" level="INFO">${author} = ['John Smith']</msg>
<status status="PASS" starttime="20240506 21:14:12.568" endtime="20240506 21:14:12.568"/>
</kw>
<kw name="Set Variable" library="BuiltIn">
<var>${title}</var>
<arg>Test title: a case study</arg>
<doc>Returns the given values which can then be assigned to a variables.</doc>
<msg timestamp="20240506 21:14:12.569" level="INFO">${title} = Test title: a case study</msg>
<status status="PASS" starttime="20240506 21:14:12.568" endtime="20240506 21:14:12.569"/>
</kw>
<kw name="Set Variable" library="BuiltIn">
<var>${journal}</var>
<arg>Journal on testing</arg>
<doc>Returns the given values which can then be assigned to a variables.</doc>
<msg timestamp="20240506 21:14:12.569" level="INFO">${journal} = Journal on testing</msg>
<status status="PASS" starttime="20240506 21:14:12.569" endtime="20240506 21:14:12.569"/>
</kw>
<kw name="Set Variable" library="BuiltIn">
<var>${year}</var>
<arg>2024</arg>
<doc>Returns the given values which can then be assigned to a variables.</doc>
<msg timestamp="20240506 21:14:12.570" level="INFO">${year} = 2024</msg>
<status status="PASS" starttime="20240506 21:14:12.569" endtime="20240506 21:14:12.570"/>
</kw>
<kw name="Set Variable" library="BuiltIn">
<var>${volume}</var>
<arg>2</arg>
<doc>Returns the given values which can then be assigned to a variables.</doc>
<msg timestamp="20240506 21:14:12.570" level="INFO">${volume} = 2</msg>
<status status="PASS" starttime="20240506 21:14:12.570" endtime="20240506 21:14:12.570"/>
</kw>
<kw name="Set Variable" library="BuiltIn">
<var>${pages}</var>
<arg>1-3</arg>
<doc>Returns the given values which can then be assigned to a variables.</doc>
<msg timestamp="20240506 21:14:12.570" level="INFO">${pages} = 1-3</msg>
<status status="PASS" starttime="20240506 21:14:12.570" endtime="20240506 21:14:12.570"/>
</kw>
<kw name="Set Variable" library="BuiltIn">
<var>${userkeys}</var>
<arg>testkey1</arg>
<doc>Returns the given values which can then be assigned to a variables.</doc>
<msg timestamp="20240506 21:14:12.571" level="INFO">${userkeys} = testkey1</msg>
<status status="PASS" starttime="20240506 21:14:12.570" endtime="20240506 21:14:12.571"/>
</kw>
<kw name="Evaluate" library="BuiltIn">
<var>${ref}</var>
<arg>ref.Ref($author, $title, $journal, $year, $volume, $pages, $userkeys)</arg>
<doc>Evaluates the given expression in Python and returns the result.</doc>
<msg timestamp="20240506 21:14:12.571" level="INFO">${ref} = John Smith. Test title: a case study: Journal on testing, 2. 1-3, 2024</msg>
<status status="PASS" starttime="20240506 21:14:12.571" endtime="20240506 21:14:12.571"/>
</kw>
<msg timestamp="20240506 21:14:12.571" level="INFO">${ref} = John Smith. Test title: a case study: Journal on testing, 2. 1-3, 2024</msg>
<status status="PASS" starttime="20240506 21:14:12.567" endtime="20240506 21:14:12.571"/>
</kw>
<kw name="Evaluate" library="BuiltIn">
<var>${references}</var>
<arg>references.References()</arg>
<doc>Evaluates the given expression in Python and returns the result.</doc>
<msg timestamp="20240506 21:14:12.572" level="INFO">${references} = &lt;references.References object at 0x73cead742380&gt;</msg>
<status status="PASS" starttime="20240506 21:14:12.572" endtime="20240506 21:14:12.572"/>
</kw>
<kw name="Call Method" library="BuiltIn">
<arg>${references}</arg>
<arg>lisaaLahde</arg>
<arg>${ref}</arg>
<doc>Calls the named method of the given object with the provided arguments.</doc>
<status status="PASS" starttime="20240506 21:14:12.572" endtime="20240506 21:14:12.572"/>
</kw>
<kw name="Call Method" library="BuiltIn">
<var>${text}</var>
<arg>${references}</arg>
<arg>toString</arg>
<doc>Calls the named method of the given object with the provided arguments.</doc>
<msg timestamp="20240506 21:14:12.573" level="INFO">${text} = John Smith. Test title: a case study: Journal on testing, 2. 1-3, 2024</msg>
<status status="PASS" starttime="20240506 21:14:12.573" endtime="20240506 21:14:12.573"/>
</kw>
<kw name="Should Be Equal As Strings" library="BuiltIn">
<arg>${text}</arg>
<arg>John Smith. Test title: a case study: Journal on testing, 2. 1-3, 2024</arg>
<doc>Fails if objects are unequal after converting them to strings.</doc>
<status status="PASS" starttime="20240506 21:14:12.573" endtime="20240506 21:14:12.573"/>
</kw>
<doc>Testaa, että Ref-olio voidaan lisätä References-olioon</doc>
<tag>references</tag>
<status status="PASS" starttime="20240506 21:14:12.566" endtime="20240506 21:14:12.573"/>
</test>
<doc>Testitapaukset ref-luokan toiminnalle</doc>
<status status="FAIL" starttime="20240506 21:14:12.516" endtime="20240506 21:14:12.574"/>
</suite>
<statistics>
<total>
<stat pass="2" fail="1" skip="0">All Tests</stat>
</total>
<tag>
<stat pass="1" fail="1" skip="0">init</stat>
<stat pass="1" fail="0" skip="0">references</stat>
</tag>
<suite>
<stat pass="2" fail="1" skip="0" id="s1" name="Ref Tests">Ref Tests</stat>
</suite>
</statistics>
<errors>
<msg timestamp="20240506 21:14:12.538" level="WARN">Imported library '/home/lassie/MyTemp/python/TJTA-miniprojekti/src/components/ref.py' contains no keywords.</msg>
<msg timestamp="20240506 21:14:12.539" level="WARN">Imported library '/home/lassie/MyTemp/python/TJTA-miniprojekti/src/components/references.py' contains no keywords.</msg>
</errors>
</robot>
