<?xml version="1.0" encoding="UTF-8"?>
<robot generator="Robot 6.1.1 (Python 3.10.12 on linux)" generated="20240506 22:13:47.193" rpa="false" schemaversion="4">
<suite id="s1" name="Ref Tests" source="/home/lassie/MyTemp/python/TJTA-miniprojekti/src/components/tests/ref_tests.robot">
<test id="s1-t1" name="Testaa ref luokka oikealla datalla" line="10">
<kw name="Artikkeli datalla">
<var>${ref}</var>
<kw name="Create List" library="BuiltIn">
<var>${author}</var>
<arg>John Smith</arg>
<doc>Returns a list containing given items.</doc>
<msg timestamp="20240506 22:13:47.228" level="INFO">${author} = ['John Smith']</msg>
<status status="PASS" starttime="20240506 22:13:47.227" endtime="20240506 22:13:47.228"/>
</kw>
<kw name="Set Variable" library="BuiltIn">
<var>${title}</var>
<arg>Test title: a case study</arg>
<doc>Returns the given values which can then be assigned to a variables.</doc>
<msg timestamp="20240506 22:13:47.228" level="INFO">${title} = Test title: a case study</msg>
<status status="PASS" starttime="20240506 22:13:47.228" endtime="20240506 22:13:47.228"/>
</kw>
<kw name="Set Variable" library="BuiltIn">
<var>${journal}</var>
<arg>Journal on testing</arg>
<doc>Returns the given values which can then be assigned to a variables.</doc>
<msg timestamp="20240506 22:13:47.228" level="INFO">${journal} = Journal on testing</msg>
<status status="PASS" starttime="20240506 22:13:47.228" endtime="20240506 22:13:47.228"/>
</kw>
<kw name="Set Variable" library="BuiltIn">
<var>${year}</var>
<arg>2024</arg>
<doc>Returns the given values which can then be assigned to a variables.</doc>
<msg timestamp="20240506 22:13:47.228" level="INFO">${year} = 2024</msg>
<status status="PASS" starttime="20240506 22:13:47.228" endtime="20240506 22:13:47.228"/>
</kw>
<kw name="Set Variable" library="BuiltIn">
<var>${volume}</var>
<arg>2</arg>
<doc>Returns the given values which can then be assigned to a variables.</doc>
<msg timestamp="20240506 22:13:47.229" level="INFO">${volume} = 2</msg>
<status status="PASS" starttime="20240506 22:13:47.228" endtime="20240506 22:13:47.229"/>
</kw>
<kw name="Set Variable" library="BuiltIn">
<var>${pages}</var>
<arg>1-3</arg>
<doc>Returns the given values which can then be assigned to a variables.</doc>
<msg timestamp="20240506 22:13:47.229" level="INFO">${pages} = 1-3</msg>
<status status="PASS" starttime="20240506 22:13:47.229" endtime="20240506 22:13:47.229"/>
</kw>
<kw name="Set Variable" library="BuiltIn">
<var>${userkeys}</var>
<arg>testkey1</arg>
<doc>Returns the given values which can then be assigned to a variables.</doc>
<msg timestamp="20240506 22:13:47.229" level="INFO">${userkeys} = testkey1</msg>
<status status="PASS" starttime="20240506 22:13:47.229" endtime="20240506 22:13:47.229"/>
</kw>
<kw name="Evaluate" library="BuiltIn">
<var>${ref}</var>
<arg>ref.Ref($author, $title, $journal, $year, $volume, $pages, $userkeys)</arg>
<doc>Evaluates the given expression in Python and returns the result.</doc>
<msg timestamp="20240506 22:13:47.233" level="INFO">${ref} = John Smith. Test title: a case study: Journal on testing, 2. 1-3, 2024</msg>
<status status="PASS" starttime="20240506 22:13:47.229" endtime="20240506 22:13:47.233"/>
</kw>
<msg timestamp="20240506 22:13:47.233" level="INFO">${ref} = John Smith. Test title: a case study: Journal on testing, 2. 1-3, 2024</msg>
<status status="PASS" starttime="20240506 22:13:47.226" endtime="20240506 22:13:47.233"/>
</kw>
<kw name="Should Be Equal As Strings" library="BuiltIn">
<arg>${ref}</arg>
<arg>John Smith. Test title: a case study: Journal on testing, 2. 1-3, 2024</arg>
<doc>Fails if objects are unequal after converting them to strings.</doc>
<msg timestamp="20240506 22:13:47.233" level="INFO">Argument types are:
&lt;class 'ref.Ref'&gt;
&lt;class 'str'&gt;</msg>
<status status="PASS" starttime="20240506 22:13:47.233" endtime="20240506 22:13:47.233"/>
</kw>
<doc>Testaa, että ref-luokka toimii oikealla datalla</doc>
<tag>init</tag>
<tag>ref</tag>
<status status="PASS" starttime="20240506 22:13:47.226" endtime="20240506 22:13:47.233"/>
</test>
<test id="s1-t2" name="Testaa ref luokka tyhjillä tekijöillä" line="18">
<kw name="Artikkeli datalla">
<var>${ref}</var>
<kw name="Create List" library="BuiltIn">
<var>${author}</var>
<arg>John Smith</arg>
<doc>Returns a list containing given items.</doc>
<msg timestamp="20240506 22:13:47.234" level="INFO">${author} = ['John Smith']</msg>
<status status="PASS" starttime="20240506 22:13:47.234" endtime="20240506 22:13:47.234"/>
</kw>
<kw name="Set Variable" library="BuiltIn">
<var>${title}</var>
<arg>Test title: a case study</arg>
<doc>Returns the given values which can then be assigned to a variables.</doc>
<msg timestamp="20240506 22:13:47.235" level="INFO">${title} = Test title: a case study</msg>
<status status="PASS" starttime="20240506 22:13:47.235" endtime="20240506 22:13:47.235"/>
</kw>
<kw name="Set Variable" library="BuiltIn">
<var>${journal}</var>
<arg>Journal on testing</arg>
<doc>Returns the given values which can then be assigned to a variables.</doc>
<msg timestamp="20240506 22:13:47.235" level="INFO">${journal} = Journal on testing</msg>
<status status="PASS" starttime="20240506 22:13:47.235" endtime="20240506 22:13:47.235"/>
</kw>
<kw name="Set Variable" library="BuiltIn">
<var>${year}</var>
<arg>2024</arg>
<doc>Returns the given values which can then be assigned to a variables.</doc>
<msg timestamp="20240506 22:13:47.235" level="INFO">${year} = 2024</msg>
<status status="PASS" starttime="20240506 22:13:47.235" endtime="20240506 22:13:47.235"/>
</kw>
<kw name="Set Variable" library="BuiltIn">
<var>${volume}</var>
<arg>2</arg>
<doc>Returns the given values which can then be assigned to a variables.</doc>
<msg timestamp="20240506 22:13:47.235" level="INFO">${volume} = 2</msg>
<status status="PASS" starttime="20240506 22:13:47.235" endtime="20240506 22:13:47.235"/>
</kw>
<kw name="Set Variable" library="BuiltIn">
<var>${pages}</var>
<arg>1-3</arg>
<doc>Returns the given values which can then be assigned to a variables.</doc>
<msg timestamp="20240506 22:13:47.236" level="INFO">${pages} = 1-3</msg>
<status status="PASS" starttime="20240506 22:13:47.236" endtime="20240506 22:13:47.236"/>
</kw>
<kw name="Set Variable" library="BuiltIn">
<var>${userkeys}</var>
<arg>testkey1</arg>
<doc>Returns the given values which can then be assigned to a variables.</doc>
<msg timestamp="20240506 22:13:47.236" level="INFO">${userkeys} = testkey1</msg>
<status status="PASS" starttime="20240506 22:13:47.236" endtime="20240506 22:13:47.236"/>
</kw>
<kw name="Evaluate" library="BuiltIn">
<var>${ref}</var>
<arg>ref.Ref($author, $title, $journal, $year, $volume, $pages, $userkeys)</arg>
<doc>Evaluates the given expression in Python and returns the result.</doc>
<msg timestamp="20240506 22:13:47.237" level="INFO">${ref} = John Smith. Test title: a case study: Journal on testing, 2. 1-3, 2024</msg>
<status status="PASS" starttime="20240506 22:13:47.236" endtime="20240506 22:13:47.237"/>
</kw>
<msg timestamp="20240506 22:13:47.237" level="INFO">${ref} = John Smith. Test title: a case study: Journal on testing, 2. 1-3, 2024</msg>
<status status="PASS" starttime="20240506 22:13:47.234" endtime="20240506 22:13:47.237"/>
</kw>
<kw name="Should Be Equal As Strings" library="BuiltIn">
<arg>${ref}</arg>
<arg>None</arg>
<doc>Fails if objects are unequal after converting them to strings.</doc>
<msg timestamp="20240506 22:13:47.237" level="INFO">Argument types are:
&lt;class 'ref.Ref'&gt;
&lt;class 'str'&gt;</msg>
<msg timestamp="20240506 22:13:47.237" level="FAIL">John Smith. Test title: a case study: Journal on testing, 2. 1-3, 2024 != None</msg>
<status status="FAIL" starttime="20240506 22:13:47.237" endtime="20240506 22:13:47.238"/>
</kw>
<doc>Testaa, että ref-luokka ei tallenna, jos syötteessä ei ole kirjoittajaa</doc>
<tag>init</tag>
<tag>ref</tag>
<status status="FAIL" starttime="20240506 22:13:47.234" endtime="20240506 22:13:47.238">John Smith. Test title: a case study: Journal on testing, 2. 1-3, 2024 != None</status>
</test>
<test id="s1-t3" name="Testaa Reference-luokka" line="25">
<kw name="Artikkeli datalla">
<var>${ref}</var>
<kw name="Create List" library="BuiltIn">
<var>${author}</var>
<arg>John Smith</arg>
<doc>Returns a list containing given items.</doc>
<msg timestamp="20240506 22:13:47.239" level="INFO">${author} = ['John Smith']</msg>
<status status="PASS" starttime="20240506 22:13:47.239" endtime="20240506 22:13:47.239"/>
</kw>
<kw name="Set Variable" library="BuiltIn">
<var>${title}</var>
<arg>Test title: a case study</arg>
<doc>Returns the given values which can then be assigned to a variables.</doc>
<msg timestamp="20240506 22:13:47.239" level="INFO">${title} = Test title: a case study</msg>
<status status="PASS" starttime="20240506 22:13:47.239" endtime="20240506 22:13:47.239"/>
</kw>
<kw name="Set Variable" library="BuiltIn">
<var>${journal}</var>
<arg>Journal on testing</arg>
<doc>Returns the given values which can then be assigned to a variables.</doc>
<msg timestamp="20240506 22:13:47.239" level="INFO">${journal} = Journal on testing</msg>
<status status="PASS" starttime="20240506 22:13:47.239" endtime="20240506 22:13:47.239"/>
</kw>
<kw name="Set Variable" library="BuiltIn">
<var>${year}</var>
<arg>2024</arg>
<doc>Returns the given values which can then be assigned to a variables.</doc>
<msg timestamp="20240506 22:13:47.240" level="INFO">${year} = 2024</msg>
<status status="PASS" starttime="20240506 22:13:47.240" endtime="20240506 22:13:47.240"/>
</kw>
<kw name="Set Variable" library="BuiltIn">
<var>${volume}</var>
<arg>2</arg>
<doc>Returns the given values which can then be assigned to a variables.</doc>
<msg timestamp="20240506 22:13:47.240" level="INFO">${volume} = 2</msg>
<status status="PASS" starttime="20240506 22:13:47.240" endtime="20240506 22:13:47.240"/>
</kw>
<kw name="Set Variable" library="BuiltIn">
<var>${pages}</var>
<arg>1-3</arg>
<doc>Returns the given values which can then be assigned to a variables.</doc>
<msg timestamp="20240506 22:13:47.240" level="INFO">${pages} = 1-3</msg>
<status status="PASS" starttime="20240506 22:13:47.240" endtime="20240506 22:13:47.240"/>
</kw>
<kw name="Set Variable" library="BuiltIn">
<var>${userkeys}</var>
<arg>testkey1</arg>
<doc>Returns the given values which can then be assigned to a variables.</doc>
<msg timestamp="20240506 22:13:47.241" level="INFO">${userkeys} = testkey1</msg>
<status status="PASS" starttime="20240506 22:13:47.240" endtime="20240506 22:13:47.241"/>
</kw>
<kw name="Evaluate" library="BuiltIn">
<var>${ref}</var>
<arg>ref.Ref($author, $title, $journal, $year, $volume, $pages, $userkeys)</arg>
<doc>Evaluates the given expression in Python and returns the result.</doc>
<msg timestamp="20240506 22:13:47.241" level="INFO">${ref} = John Smith. Test title: a case study: Journal on testing, 2. 1-3, 2024</msg>
<status status="PASS" starttime="20240506 22:13:47.241" endtime="20240506 22:13:47.241"/>
</kw>
<msg timestamp="20240506 22:13:47.241" level="INFO">${ref} = John Smith. Test title: a case study: Journal on testing, 2. 1-3, 2024</msg>
<status status="PASS" starttime="20240506 22:13:47.238" endtime="20240506 22:13:47.241"/>
</kw>
<kw name="Evaluate" library="BuiltIn">
<var>${references}</var>
<arg>references.References()</arg>
<doc>Evaluates the given expression in Python and returns the result.</doc>
<msg timestamp="20240506 22:13:47.242" level="INFO">${references} = &lt;references.References object at 0x79ecc3db2560&gt;</msg>
<status status="PASS" starttime="20240506 22:13:47.241" endtime="20240506 22:13:47.242"/>
</kw>
<kw name="Call Method" library="BuiltIn">
<arg>${references}</arg>
<arg>lisaaLahde</arg>
<arg>${ref}</arg>
<doc>Calls the named method of the given object with the provided arguments.</doc>
<status status="PASS" starttime="20240506 22:13:47.242" endtime="20240506 22:13:47.243"/>
</kw>
<kw name="Call Method" library="BuiltIn">
<var>${text}</var>
<arg>${references}</arg>
<arg>toString</arg>
<doc>Calls the named method of the given object with the provided arguments.</doc>
<msg timestamp="20240506 22:13:47.244" level="INFO">${text} = John Smith. Test title: a case study: Journal on testing, 2. 1-3, 2024</msg>
<status status="PASS" starttime="20240506 22:13:47.243" endtime="20240506 22:13:47.244"/>
</kw>
<kw name="Should Be Equal As Strings" library="BuiltIn">
<arg>${text}</arg>
<arg>John Smith. Test title: a case study: Journal on testing, 2. 1-3, 2024</arg>
<doc>Fails if objects are unequal after converting them to strings.</doc>
<status status="PASS" starttime="20240506 22:13:47.244" endtime="20240506 22:13:47.244"/>
</kw>
<doc>Testaa, että Ref-olio voidaan lisätä References-olioon</doc>
<tag>references</tag>
<status status="PASS" starttime="20240506 22:13:47.238" endtime="20240506 22:13:47.244"/>
</test>
<doc>Testitapaukset ref-luokan ja references-luokan toiminnalle</doc>
<status status="FAIL" starttime="20240506 22:13:47.194" endtime="20240506 22:13:47.245"/>
</suite>
<statistics>
<total>
<stat pass="2" fail="1" skip="0">All Tests</stat>
</total>
<tag>
<stat pass="1" fail="1" skip="0">init</stat>
<stat pass="1" fail="1" skip="0">ref</stat>
<stat pass="1" fail="0" skip="0">references</stat>
</tag>
<suite>
<stat pass="2" fail="1" skip="0" id="s1" name="Ref Tests">Ref Tests</stat>
</suite>
</statistics>
<errors>
<msg timestamp="20240506 22:13:47.214" level="WARN">Imported library '/home/lassie/MyTemp/python/TJTA-miniprojekti/src/components/ref.py' contains no keywords.</msg>
<msg timestamp="20240506 22:13:47.215" level="WARN">Imported library '/home/lassie/MyTemp/python/TJTA-miniprojekti/src/components/references.py' contains no keywords.</msg>
</errors>
</robot>
