<?xml version="1.0" encoding="UTF-8"?>
<robot generator="Robot 6.1.1 (Python 3.10.12 on linux)" generated="20240506 19:15:19.670" rpa="false" schemaversion="4">
<suite id="s1" name="Ref Tests" source="/home/lassie/MyTemp/python/TJTA-miniprojekti/src/components/tests/ref_tests.robot">
<test id="s1-t1" name="Testaa ref luokka oikealla datalla" line="8">
<kw name="Create List" library="BuiltIn">
<var>${author}</var>
<arg>John Smith</arg>
<arg>Jane Doe</arg>
<doc>Returns a list containing given items.</doc>
<msg timestamp="20240506 19:15:19.697" level="INFO">${author} = ['John Smith', 'Jane Doe']</msg>
<status status="PASS" starttime="20240506 19:15:19.697" endtime="20240506 19:15:19.697"/>
</kw>
<kw name="Set Variable" library="BuiltIn">
<var>${title}</var>
<arg>Test title: a case study</arg>
<doc>Returns the given values which can then be assigned to a variables.</doc>
<msg timestamp="20240506 19:15:19.698" level="INFO">${title} = Test title: a case study</msg>
<status status="PASS" starttime="20240506 19:15:19.698" endtime="20240506 19:15:19.698"/>
</kw>
<kw name="Set Variable" library="BuiltIn">
<var>${journal}</var>
<arg>Journal on testing</arg>
<doc>Returns the given values which can then be assigned to a variables.</doc>
<msg timestamp="20240506 19:15:19.698" level="INFO">${journal} = Journal on testing</msg>
<status status="PASS" starttime="20240506 19:15:19.698" endtime="20240506 19:15:19.698"/>
</kw>
<kw name="Set Variable" library="BuiltIn">
<var>${year}</var>
<arg>2024</arg>
<doc>Returns the given values which can then be assigned to a variables.</doc>
<msg timestamp="20240506 19:15:19.698" level="INFO">${year} = 2024</msg>
<status status="PASS" starttime="20240506 19:15:19.698" endtime="20240506 19:15:19.698"/>
</kw>
<kw name="Set Variable" library="BuiltIn">
<var>${volume}</var>
<arg>2</arg>
<doc>Returns the given values which can then be assigned to a variables.</doc>
<msg timestamp="20240506 19:15:19.699" level="INFO">${volume} = 2</msg>
<status status="PASS" starttime="20240506 19:15:19.698" endtime="20240506 19:15:19.699"/>
</kw>
<kw name="Set Variable" library="BuiltIn">
<var>${pages}</var>
<arg>1-3</arg>
<doc>Returns the given values which can then be assigned to a variables.</doc>
<msg timestamp="20240506 19:15:19.699" level="INFO">${pages} = 1-3</msg>
<status status="PASS" starttime="20240506 19:15:19.699" endtime="20240506 19:15:19.699"/>
</kw>
<kw name="Set Variable" library="BuiltIn">
<var>${userkeys}</var>
<arg>testkey1</arg>
<doc>Returns the given values which can then be assigned to a variables.</doc>
<msg timestamp="20240506 19:15:19.699" level="INFO">${userkeys} = testkey1</msg>
<status status="PASS" starttime="20240506 19:15:19.699" endtime="20240506 19:15:19.699"/>
</kw>
<kw name="Evaluate" library="BuiltIn">
<var>${ref}</var>
<arg>ref.Ref($author, $title, $journal, $year, $volume, $pages, $userkeys)</arg>
<doc>Evaluates the given expression in Python and returns the result.</doc>
<msg timestamp="20240506 19:15:19.703" level="INFO">${ref} = John Smith, Jane Doe. Test title: a case study: Journal on testing, 2. 1-3, 2024</msg>
<status status="PASS" starttime="20240506 19:15:19.699" endtime="20240506 19:15:19.703"/>
</kw>
<kw name="Should Be Equal As Strings" library="BuiltIn">
<arg>${ref}</arg>
<arg>John Smith, Jane Doe. Test title: a case study: Journal on testing, 2. 1-3, 2024</arg>
<doc>Fails if objects are unequal after converting them to strings.</doc>
<msg timestamp="20240506 19:15:19.704" level="INFO">Argument types are:
&lt;class 'ref.Ref'&gt;
&lt;class 'str'&gt;</msg>
<status status="PASS" starttime="20240506 19:15:19.703" endtime="20240506 19:15:19.704"/>
</kw>
<doc>Testaa, että ref luokka toimii oikealla datalla</doc>
<tag>init</tag>
<status status="PASS" starttime="20240506 19:15:19.697" endtime="20240506 19:15:19.704"/>
</test>
<doc>Testitapaukset lähteille</doc>
<status status="PASS" starttime="20240506 19:15:19.671" endtime="20240506 19:15:19.704"/>
</suite>
<statistics>
<total>
<stat pass="1" fail="0" skip="0">All Tests</stat>
</total>
<tag>
<stat pass="1" fail="0" skip="0">init</stat>
</tag>
<suite>
<stat pass="1" fail="0" skip="0" id="s1" name="Ref Tests">Ref Tests</stat>
</suite>
</statistics>
<errors>
<msg timestamp="20240506 19:15:19.690" level="WARN">Imported library '/home/lassie/MyTemp/python/TJTA-miniprojekti/src/components/ref.py' contains no keywords.</msg>
</errors>
</robot>
