<?xml version="1.0" encoding="UTF-8"?>
<robot generator="Robot 6.1.1 (Python 3.10.12 on linux)" generated="20240506 23:55:58.812" rpa="false" schemaversion="4">
<suite id="s1" name="Author Tests" source="/home/lassie/MyTemp/python/TJTA-miniprojekti/src/components/tests/author_tests.robot">
<test id="s1-t1" name="Testaa author-olion luonti" line="8">
<kw name="Evaluate" library="BuiltIn">
<var>${testauthor}</var>
<arg>author.Author("Testi Hahmo")</arg>
<doc>Evaluates the given expression in Python and returns the result.</doc>
<msg timestamp="20240506 23:55:58.836" level="INFO">${testauthor} = Testi Hahmo</msg>
<status status="PASS" starttime="20240506 23:55:58.835" endtime="20240506 23:55:58.836"/>
</kw>
<kw name="Should Be Equal As Strings" library="BuiltIn">
<arg>${testauthor}</arg>
<arg>Testi Hahmo</arg>
<doc>Fails if objects are unequal after converting them to strings.</doc>
<msg timestamp="20240506 23:55:58.836" level="INFO">Argument types are:
&lt;class 'author.Author'&gt;
&lt;class 'str'&gt;</msg>
<status status="PASS" starttime="20240506 23:55:58.836" endtime="20240506 23:55:58.836"/>
</kw>
<status status="PASS" starttime="20240506 23:55:58.835" endtime="20240506 23:55:58.836"/>
</test>
<test id="s1-t2" name="Testaa merkkijonoksi muuttaminen" line="12">
<kw name="Evaluate" library="BuiltIn">
<var>${testauthor}</var>
<arg>author.Author("Testi Henkilö")</arg>
<doc>Evaluates the given expression in Python and returns the result.</doc>
<msg timestamp="20240506 23:55:58.837" level="INFO">${testauthor} = Testi Henkilö</msg>
<status status="PASS" starttime="20240506 23:55:58.837" endtime="20240506 23:55:58.837"/>
</kw>
<kw name="Call Method" library="BuiltIn">
<var>${str}</var>
<arg>${testauthor}</arg>
<arg>__str__</arg>
<doc>Calls the named method of the given object with the provided arguments.</doc>
<msg timestamp="20240506 23:55:58.838" level="INFO">${str} = Testi Henkilö</msg>
<status status="PASS" starttime="20240506 23:55:58.838" endtime="20240506 23:55:58.838"/>
</kw>
<kw name="Should Be Equal As Strings" library="BuiltIn">
<arg>${str}</arg>
<arg>Testi Henkilö</arg>
<doc>Fails if objects are unequal after converting them to strings.</doc>
<status status="PASS" starttime="20240506 23:55:58.838" endtime="20240506 23:55:58.838"/>
</kw>
<status status="PASS" starttime="20240506 23:55:58.837" endtime="20240506 23:55:58.839"/>
</test>
<test id="s1-t3" name="Testaa apa-muotoinen merkkijono" line="17">
<kw name="Evaluate" library="BuiltIn">
<var>${testauthor}</var>
<arg>author.Author("Testi Tutkija")</arg>
<doc>Evaluates the given expression in Python and returns the result.</doc>
<msg timestamp="20240506 23:55:58.840" level="INFO">${testauthor} = Testi Tutkija</msg>
<status status="PASS" starttime="20240506 23:55:58.839" endtime="20240506 23:55:58.840"/>
</kw>
<kw name="Call Method" library="BuiltIn">
<var>${str}</var>
<arg>${testauthor}</arg>
<arg>apastr</arg>
<doc>Calls the named method of the given object with the provided arguments.</doc>
<msg timestamp="20240506 23:55:58.840" level="INFO">${str} = Testi Tutkija</msg>
<status status="PASS" starttime="20240506 23:55:58.840" endtime="20240506 23:55:58.840"/>
</kw>
<kw name="Should Be Equal As Strings" library="BuiltIn">
<arg>${str}</arg>
<arg>Tutkija, T.</arg>
<doc>Fails if objects are unequal after converting them to strings.</doc>
<msg timestamp="20240506 23:55:58.840" level="FAIL">Testi Tutkija != Tutkija, T.</msg>
<status status="FAIL" starttime="20240506 23:55:58.840" endtime="20240506 23:55:58.840"/>
</kw>
<status status="FAIL" starttime="20240506 23:55:58.839" endtime="20240506 23:55:58.841">Testi Tutkija != Tutkija, T.</status>
</test>
<doc>Testitapaukset author-luokalle</doc>
<status status="FAIL" starttime="20240506 23:55:58.813" endtime="20240506 23:55:58.841"/>
</suite>
<statistics>
<total>
<stat pass="2" fail="1" skip="0">All Tests</stat>
</total>
<tag>
</tag>
<suite>
<stat pass="2" fail="1" skip="0" id="s1" name="Author Tests">Author Tests</stat>
</suite>
</statistics>
<errors>
<msg timestamp="20240506 23:55:58.833" level="WARN">Imported library '/home/lassie/MyTemp/python/TJTA-miniprojekti/src/components/ref.py' contains no keywords.</msg>
<msg timestamp="20240506 23:55:58.833" level="WARN">Imported library '/home/lassie/MyTemp/python/TJTA-miniprojekti/src/components/references.py' contains no keywords.</msg>
<msg timestamp="20240506 23:55:58.834" level="WARN">Imported library '/home/lassie/MyTemp/python/TJTA-miniprojekti/src/components/author.py' contains no keywords.</msg>
</errors>
</robot>
