<?xml version="1.0" encoding="UTF-8"?>
<robot generator="Robot 6.1.1 (Python 3.10.12 on linux)" generated="20240523 22:22:19.388" rpa="false" schemaversion="4">
<suite id="s1" name="Test" source="/home/lassie/MyTemp/python/TJTA-miniprojekti/src/components/test.robot">
<test id="s1-t1" name="Testisetti testaamaan paskaa" line="12">
<kw name="Run Process" library="Process">
<arg>${COMMAND}</arg>
<arg>${SCRIPT}</arg>
<doc>Runs a process and waits for it to complete.</doc>
<msg timestamp="20240523 22:22:19.412" level="INFO">Starting process:
python "-c \"import sys; sys.path.insert(0, '..'); from ref import Ref; print('Import successful')\""</msg>
<msg timestamp="20240523 22:22:19.415" level="INFO">Waiting for process to complete.</msg>
<msg timestamp="20240523 22:22:19.525" level="INFO">Process completed.</msg>
<status status="PASS" starttime="20240523 22:22:19.411" endtime="20240523 22:22:19.525"/>
</kw>
<status status="PASS" starttime="20240523 22:22:19.411" endtime="20240523 22:22:19.525"/>
</test>
<doc>Robottitestit</doc>
<status status="PASS" starttime="20240523 22:22:19.389" endtime="20240523 22:22:19.526"/>
</suite>
<statistics>
<total>
<stat pass="1" fail="0" skip="0">All Tests</stat>
</total>
<tag>
</tag>
<suite>
<stat pass="1" fail="0" skip="0" id="s1" name="Test">Test</stat>
</suite>
</statistics>
<errors>
<msg timestamp="20240523 22:22:19.408" level="WARN">Imported library '/home/lassie/MyTemp/python/TJTA-miniprojekti/src/components/author.py' contains no keywords.</msg>
</errors>
</robot>
